[ 2015-07-10T00:01:32+08:00 ] ::1 /tongmeng/
INFO: [ app_init ] --START--
INFO: Run Behavior\BuildLiteBehavior [ RunTime:0.000023s ]
INFO: [ app_init ] --END-- [ RunTime:0.000602s ]

[ 2015-07-10T00:03:20+08:00 ] ::1 /tongmeng/
INFO: [ app_init ] --START--
INFO: Run Behavior\BuildLiteBehavior [ RunTime:0.000033s ]
INFO: [ app_init ] --END-- [ RunTime:0.000953s ]

[ 2015-07-10T00:03:46+08:00 ] ::1 /tongmeng/
INFO: [ app_init ] --START--
INFO: Run Behavior\BuildLiteBehavior [ RunTime:0.000034s ]
INFO: [ app_init ] --END-- [ RunTime:0.000648s ]

[ 2015-07-10T00:03:50+08:00 ] ::1 /tongmeng/
INFO: [ app_init ] --START--
INFO: Run Behavior\BuildLiteBehavior [ RunTime:0.000031s ]
INFO: [ app_init ] --END-- [ RunTime:0.000609s ]

[ 2015-07-10T00:03:52+08:00 ] ::1 /tongmeng/
INFO: [ app_init ] --START--
INFO: Run Behavior\BuildLiteBehavior [ RunTime:0.000034s ]
INFO: [ app_init ] --END-- [ RunTime:0.000689s ]

[ 2015-07-10T00:03:53+08:00 ] ::1 /tongmeng/
INFO: [ app_init ] --START--
INFO: Run Behavior\BuildLiteBehavior [ RunTime:0.000021s ]
INFO: [ app_init ] --END-- [ RunTime:0.000372s ]

[ 2015-07-10T00:06:31+08:00 ] ::1 /tongmeng/
INFO: [ app_init ] --START--
INFO: Run Behavior\BuildLiteBehavior [ RunTime:0.000032s ]
INFO: [ app_init ] --END-- [ RunTime:0.000632s ]

[ 2015-07-10T00:06:32+08:00 ] ::1 /tongmeng/
INFO: [ app_init ] --START--
INFO: Run Behavior\BuildLiteBehavior [ RunTime:0.000022s ]
INFO: [ app_init ] --END-- [ RunTime:0.000412s ]

[ 2015-07-10T00:06:33+08:00 ] ::1 /tongmeng/
INFO: [ app_init ] --START--
INFO: Run Behavior\BuildLiteBehavior [ RunTime:0.000036s ]
INFO: [ app_init ] --END-- [ RunTime:0.000661s ]

[ 2015-07-10T09:25:38+08:00 ] ::1 /tongmeng/
INFO: [ app_init ] --START--
INFO: Run Behavior\BuildLiteBehavior [ RunTime:0.000028s ]
INFO: [ app_init ] --END-- [ RunTime:0.000468s ]

[ 2015-07-10T09:25:38+08:00 ] ::1 /tongmeng/
INFO: [ app_init ] --START--
INFO: Run Behavior\BuildLiteBehavior [ RunTime:0.000024s ]
INFO: [ app_init ] --END-- [ RunTime:0.001742s ]

[ 2015-07-10T14:24:05+08:00 ] 127.0.0.1 /tongmeng/
INFO: [ app_init ] --START--
INFO: Run Behavior\BuildLiteBehavior [ RunTime:0.000023s ]
INFO: [ app_init ] --END-- [ RunTime:0.000535s ]

[ 2015-07-10T14:24:06+08:00 ] 127.0.0.1 /tongmeng/
INFO: [ app_init ] --START--
INFO: Run Behavior\BuildLiteBehavior [ RunTime:0.000019s ]
INFO: [ app_init ] --END-- [ RunTime:0.000425s ]

[ 2015-07-10T14:27:33+08:00 ] 127.0.0.1 /tongmeng/
INFO: [ app_init ] --START--
INFO: Run Behavior\BuildLiteBehavior [ RunTime:0.000020s ]
INFO: [ app_init ] --END-- [ RunTime:0.000481s ]

[ 2015-07-10T14:27:33+08:00 ] 127.0.0.1 /tongmeng/
INFO: [ app_init ] --START--
INFO: Run Behavior\BuildLiteBehavior [ RunTime:0.000022s ]
INFO: [ app_init ] --END-- [ RunTime:0.000521s ]

<<<<<<< .mine
[ 2015-07-10T08:50:39+08:00 ] 127.0.0.1 /tongmeng/index.php
INFO: [ app_init ] --START--
INFO: Run Behavior\BuildLiteBehavior [ RunTime:0.000000s ]
INFO: [ app_init ] --END-- [ RunTime:0.000000s ]
INFO: [ app_begin ] --START--
INFO: Run Behavior\ReadHtmlCacheBehavior [ RunTime:0.000000s ]
INFO: [ app_begin ] --END-- [ RunTime:0.000000s ]
INFO: [ view_parse ] --START--
INFO: [ template_filter ] --START--
INFO: Run Behavior\ContentReplaceBehavior [ RunTime:0.000000s ]
INFO: [ template_filter ] --END-- [ RunTime:0.000000s ]
NOTIC: [8] Undefined variable: keywords C:\wamp\www\tongmeng\App\Runtime\Cache\Home\00e52909bed743ea261af4b6823297ff.php 第 6 行.
NOTIC: [8] Undefined variable: description C:\wamp\www\tongmeng\App\Runtime\Cache\Home\00e52909bed743ea261af4b6823297ff.php 第 7 行.
NOTIC: [8] Undefined variable: title C:\wamp\www\tongmeng\App\Runtime\Cache\Home\00e52909bed743ea261af4b6823297ff.php 第 8 行.
INFO: Run Behavior\ParseTemplateBehavior [ RunTime:0.015625s ]
INFO: [ view_parse ] --END-- [ RunTime:0.015625s ]
INFO: [ view_filter ] --START--
INFO: Run Behavior\WriteHtmlCacheBehavior [ RunTime:0.000000s ]
INFO: [ view_filter ] --END-- [ RunTime:0.000000s ]
INFO: [ app_end ] --START--
INFO: Run Behavior\ShowPageTraceBehavior [ RunTime:0.000000s ]
INFO: [ app_end ] --END-- [ RunTime:0.000000s ]

[ 2015-07-10T08:50:39+08:00 ] 127.0.0.1 /tongmeng/index.php
INFO: [ app_init ] --START--
INFO: Run Behavior\BuildLiteBehavior [ RunTime:0.000000s ]
INFO: [ app_init ] --END-- [ RunTime:0.000000s ]
INFO: [ app_begin ] --START--
INFO: Run Behavior\ReadHtmlCacheBehavior [ RunTime:0.000000s ]
INFO: [ app_begin ] --END-- [ RunTime:0.000000s ]
INFO: [ view_parse ] --START--
INFO: [ template_filter ] --START--
INFO: Run Behavior\ContentReplaceBehavior [ RunTime:0.000000s ]
INFO: [ template_filter ] --END-- [ RunTime:0.000000s ]
NOTIC: [8] Undefined variable: keywords C:\wamp\www\tongmeng\App\Runtime\Cache\Home\00e52909bed743ea261af4b6823297ff.php 第 6 行.
NOTIC: [8] Undefined variable: description C:\wamp\www\tongmeng\App\Runtime\Cache\Home\00e52909bed743ea261af4b6823297ff.php 第 7 行.
NOTIC: [8] Undefined variable: title C:\wamp\www\tongmeng\App\Runtime\Cache\Home\00e52909bed743ea261af4b6823297ff.php 第 8 行.
INFO: Run Behavior\ParseTemplateBehavior [ RunTime:0.015625s ]
INFO: [ view_parse ] --END-- [ RunTime:0.015625s ]
INFO: [ view_filter ] --START--
INFO: Run Behavior\WriteHtmlCacheBehavior [ RunTime:0.000000s ]
INFO: [ view_filter ] --END-- [ RunTime:0.000000s ]
INFO: [ app_end ] --START--
INFO: Run Behavior\ShowPageTraceBehavior [ RunTime:0.000000s ]
INFO: [ app_end ] --END-- [ RunTime:0.000000s ]

[ 2015-07-10T08:50:39+08:00 ] 127.0.0.1 /tongmeng/index.php
INFO: [ app_init ] --START--
INFO: Run Behavior\BuildLiteBehavior [ RunTime:0.000000s ]
INFO: [ app_init ] --END-- [ RunTime:0.000000s ]
INFO: [ app_begin ] --START--
INFO: Run Behavior\ReadHtmlCacheBehavior [ RunTime:0.000000s ]
INFO: [ app_begin ] --END-- [ RunTime:0.000000s ]
INFO: [ view_parse ] --START--
INFO: [ template_filter ] --START--
INFO: Run Behavior\ContentReplaceBehavior [ RunTime:0.000000s ]
INFO: [ template_filter ] --END-- [ RunTime:0.000000s ]
NOTIC: [8] Undefined variable: keywords C:\wamp\www\tongmeng\App\Runtime\Cache\Home\00e52909bed743ea261af4b6823297ff.php 第 6 行.
NOTIC: [8] Undefined variable: description C:\wamp\www\tongmeng\App\Runtime\Cache\Home\00e52909bed743ea261af4b6823297ff.php 第 7 行.
NOTIC: [8] Undefined variable: title C:\wamp\www\tongmeng\App\Runtime\Cache\Home\00e52909bed743ea261af4b6823297ff.php 第 8 行.
INFO: Run Behavior\ParseTemplateBehavior [ RunTime:0.015625s ]
INFO: [ view_parse ] --END-- [ RunTime:0.015625s ]
INFO: [ view_filter ] --START--
INFO: Run Behavior\WriteHtmlCacheBehavior [ RunTime:0.000000s ]
INFO: [ view_filter ] --END-- [ RunTime:0.000000s ]
INFO: [ app_end ] --START--
INFO: Run Behavior\ShowPageTraceBehavior [ RunTime:0.000000s ]
INFO: [ app_end ] --END-- [ RunTime:0.000000s ]

[ 2015-07-10T08:50:39+08:00 ] 127.0.0.1 /tongmeng/index.php
INFO: [ app_init ] --START--
INFO: Run Behavior\BuildLiteBehavior [ RunTime:0.000000s ]
INFO: [ app_init ] --END-- [ RunTime:0.000000s ]
INFO: [ app_begin ] --START--
INFO: Run Behavior\ReadHtmlCacheBehavior [ RunTime:0.000000s ]
INFO: [ app_begin ] --END-- [ RunTime:0.000000s ]
INFO: [ view_parse ] --START--
INFO: [ template_filter ] --START--
INFO: Run Behavior\ContentReplaceBehavior [ RunTime:0.000000s ]
INFO: [ template_filter ] --END-- [ RunTime:0.000000s ]
NOTIC: [8] Undefined variable: keywords C:\wamp\www\tongmeng\App\Runtime\Cache\Home\00e52909bed743ea261af4b6823297ff.php 第 6 行.
NOTIC: [8] Undefined variable: description C:\wamp\www\tongmeng\App\Runtime\Cache\Home\00e52909bed743ea261af4b6823297ff.php 第 7 行.
NOTIC: [8] Undefined variable: title C:\wamp\www\tongmeng\App\Runtime\Cache\Home\00e52909bed743ea261af4b6823297ff.php 第 8 行.
INFO: Run Behavior\ParseTemplateBehavior [ RunTime:0.000000s ]
INFO: [ view_parse ] --END-- [ RunTime:0.000000s ]
INFO: [ view_filter ] --START--
INFO: Run Behavior\WriteHtmlCacheBehavior [ RunTime:0.000000s ]
INFO: [ view_filter ] --END-- [ RunTime:0.000000s ]
INFO: [ app_end ] --START--
INFO: Run Behavior\ShowPageTraceBehavior [ RunTime:0.000000s ]
INFO: [ app_end ] --END-- [ RunTime:0.000000s ]

[ 2015-07-10T08:50:39+08:00 ] 127.0.0.1 /tongmeng/index.php
INFO: [ app_init ] --START--
INFO: Run Behavior\BuildLiteBehavior [ RunTime:0.000000s ]
INFO: [ app_init ] --END-- [ RunTime:0.000000s ]
INFO: [ app_begin ] --START--
INFO: Run Behavior\ReadHtmlCacheBehavior [ RunTime:0.000000s ]
INFO: [ app_begin ] --END-- [ RunTime:0.000000s ]
INFO: [ view_parse ] --START--
INFO: [ template_filter ] --START--
INFO: Run Behavior\ContentReplaceBehavior [ RunTime:0.000000s ]
INFO: [ template_filter ] --END-- [ RunTime:0.000000s ]
NOTIC: [8] Undefined variable: keywords C:\wamp\www\tongmeng\App\Runtime\Cache\Home\00e52909bed743ea261af4b6823297ff.php 第 6 行.
NOTIC: [8] Undefined variable: description C:\wamp\www\tongmeng\App\Runtime\Cache\Home\00e52909bed743ea261af4b6823297ff.php 第 7 行.
NOTIC: [8] Undefined variable: title C:\wamp\www\tongmeng\App\Runtime\Cache\Home\00e52909bed743ea261af4b6823297ff.php 第 8 行.
INFO: Run Behavior\ParseTemplateBehavior [ RunTime:0.015625s ]
INFO: [ view_parse ] --END-- [ RunTime:0.015625s ]
INFO: [ view_filter ] --START--
INFO: Run Behavior\WriteHtmlCacheBehavior [ RunTime:0.000000s ]
INFO: [ view_filter ] --END-- [ RunTime:0.000000s ]
INFO: [ app_end ] --START--
INFO: Run Behavior\ShowPageTraceBehavior [ RunTime:0.000000s ]
INFO: [ app_end ] --END-- [ RunTime:0.000000s ]

[ 2015-07-10T08:50:40+08:00 ] 127.0.0.1 /tongmeng/index.php
INFO: [ app_init ] --START--
INFO: Run Behavior\BuildLiteBehavior [ RunTime:0.000000s ]
INFO: [ app_init ] --END-- [ RunTime:0.000000s ]
INFO: [ app_begin ] --START--
INFO: Run Behavior\ReadHtmlCacheBehavior [ RunTime:0.000000s ]
INFO: [ app_begin ] --END-- [ RunTime:0.000000s ]
INFO: [ view_parse ] --START--
INFO: [ template_filter ] --START--
INFO: Run Behavior\ContentReplaceBehavior [ RunTime:0.000000s ]
INFO: [ template_filter ] --END-- [ RunTime:0.000000s ]
NOTIC: [8] Undefined variable: keywords C:\wamp\www\tongmeng\App\Runtime\Cache\Home\00e52909bed743ea261af4b6823297ff.php 第 6 行.
NOTIC: [8] Undefined variable: description C:\wamp\www\tongmeng\App\Runtime\Cache\Home\00e52909bed743ea261af4b6823297ff.php 第 7 行.
NOTIC: [8] Undefined variable: title C:\wamp\www\tongmeng\App\Runtime\Cache\Home\00e52909bed743ea261af4b6823297ff.php 第 8 行.
INFO: Run Behavior\ParseTemplateBehavior [ RunTime:0.015625s ]
INFO: [ view_parse ] --END-- [ RunTime:0.015625s ]
INFO: [ view_filter ] --START--
INFO: Run Behavior\WriteHtmlCacheBehavior [ RunTime:0.000000s ]
INFO: [ view_filter ] --END-- [ RunTime:0.000000s ]
INFO: [ app_end ] --START--
INFO: Run Behavior\ShowPageTraceBehavior [ RunTime:0.000000s ]
INFO: [ app_end ] --END-- [ RunTime:0.000000s ]

[ 2015-07-10T08:50:40+08:00 ] 127.0.0.1 /tongmeng/index.php
INFO: [ app_init ] --START--
INFO: Run Behavior\BuildLiteBehavior [ RunTime:0.000000s ]
INFO: [ app_init ] --END-- [ RunTime:0.015625s ]
INFO: [ app_begin ] --START--
INFO: Run Behavior\ReadHtmlCacheBehavior [ RunTime:0.000000s ]
INFO: [ app_begin ] --END-- [ RunTime:0.000000s ]
INFO: [ view_parse ] --START--
INFO: [ template_filter ] --START--
INFO: Run Behavior\ContentReplaceBehavior [ RunTime:0.000000s ]
INFO: [ template_filter ] --END-- [ RunTime:0.000000s ]
NOTIC: [8] Undefined variable: keywords C:\wamp\www\tongmeng\App\Runtime\Cache\Home\00e52909bed743ea261af4b6823297ff.php 第 6 行.
NOTIC: [8] Undefined variable: description C:\wamp\www\tongmeng\App\Runtime\Cache\Home\00e52909bed743ea261af4b6823297ff.php 第 7 行.
NOTIC: [8] Undefined variable: title C:\wamp\www\tongmeng\App\Runtime\Cache\Home\00e52909bed743ea261af4b6823297ff.php 第 8 行.
INFO: Run Behavior\ParseTemplateBehavior [ RunTime:0.015625s ]
INFO: [ view_parse ] --END-- [ RunTime:0.015625s ]
INFO: [ view_filter ] --START--
INFO: Run Behavior\WriteHtmlCacheBehavior [ RunTime:0.000000s ]
INFO: [ view_filter ] --END-- [ RunTime:0.000000s ]
INFO: [ app_end ] --START--
INFO: Run Behavior\ShowPageTraceBehavior [ RunTime:0.000000s ]
INFO: [ app_end ] --END-- [ RunTime:0.000000s ]

[ 2015-07-10T08:50:40+08:00 ] 127.0.0.1 /tongmeng/index.php
INFO: [ app_init ] --START--
INFO: Run Behavior\BuildLiteBehavior [ RunTime:0.000000s ]
INFO: [ app_init ] --END-- [ RunTime:0.000000s ]
INFO: [ app_begin ] --START--
INFO: Run Behavior\ReadHtmlCacheBehavior [ RunTime:0.000000s ]
INFO: [ app_begin ] --END-- [ RunTime:0.000000s ]
INFO: [ view_parse ] --START--
INFO: [ template_filter ] --START--
INFO: Run Behavior\ContentReplaceBehavior [ RunTime:0.000000s ]
INFO: [ template_filter ] --END-- [ RunTime:0.000000s ]
NOTIC: [8] Undefined variable: keywords C:\wamp\www\tongmeng\App\Runtime\Cache\Home\00e52909bed743ea261af4b6823297ff.php 第 6 行.
NOTIC: [8] Undefined variable: description C:\wamp\www\tongmeng\App\Runtime\Cache\Home\00e52909bed743ea261af4b6823297ff.php 第 7 行.
NOTIC: [8] Undefined variable: title C:\wamp\www\tongmeng\App\Runtime\Cache\Home\00e52909bed743ea261af4b6823297ff.php 第 8 行.
INFO: Run Behavior\ParseTemplateBehavior [ RunTime:0.015625s ]
INFO: [ view_parse ] --END-- [ RunTime:0.015625s ]
INFO: [ view_filter ] --START--
INFO: Run Behavior\WriteHtmlCacheBehavior [ RunTime:0.000000s ]
INFO: [ view_filter ] --END-- [ RunTime:0.000000s ]
INFO: [ app_end ] --START--
INFO: Run Behavior\ShowPageTraceBehavior [ RunTime:0.000000s ]
INFO: [ app_end ] --END-- [ RunTime:0.000000s ]

[ 2015-07-10T08:50:40+08:00 ] 127.0.0.1 /tongmeng/index.php
INFO: [ app_init ] --START--
INFO: Run Behavior\BuildLiteBehavior [ RunTime:0.000000s ]
INFO: [ app_init ] --END-- [ RunTime:0.000000s ]
INFO: [ app_begin ] --START--
INFO: Run Behavior\ReadHtmlCacheBehavior [ RunTime:0.000000s ]
INFO: [ app_begin ] --END-- [ RunTime:0.000000s ]
INFO: [ view_parse ] --START--
INFO: [ template_filter ] --START--
INFO: Run Behavior\ContentReplaceBehavior [ RunTime:0.000000s ]
INFO: [ template_filter ] --END-- [ RunTime:0.000000s ]
NOTIC: [8] Undefined variable: keywords C:\wamp\www\tongmeng\App\Runtime\Cache\Home\00e52909bed743ea261af4b6823297ff.php 第 6 行.
NOTIC: [8] Undefined variable: description C:\wamp\www\tongmeng\App\Runtime\Cache\Home\00e52909bed743ea261af4b6823297ff.php 第 7 行.
NOTIC: [8] Undefined variable: title C:\wamp\www\tongmeng\App\Runtime\Cache\Home\00e52909bed743ea261af4b6823297ff.php 第 8 行.
INFO: Run Behavior\ParseTemplateBehavior [ RunTime:0.015625s ]
INFO: [ view_parse ] --END-- [ RunTime:0.015625s ]
INFO: [ view_filter ] --START--
INFO: Run Behavior\WriteHtmlCacheBehavior [ RunTime:0.000000s ]
INFO: [ view_filter ] --END-- [ RunTime:0.000000s ]
INFO: [ app_end ] --START--
INFO: Run Behavior\ShowPageTraceBehavior [ RunTime:0.000000s ]
INFO: [ app_end ] --END-- [ RunTime:0.000000s ]

[ 2015-07-10T08:50:40+08:00 ] 127.0.0.1 /tongmeng/index.php
INFO: [ app_init ] --START--
INFO: Run Behavior\BuildLiteBehavior [ RunTime:0.000000s ]
INFO: [ app_init ] --END-- [ RunTime:0.000000s ]
INFO: [ app_begin ] --START--
INFO: Run Behavior\ReadHtmlCacheBehavior [ RunTime:0.000000s ]
INFO: [ app_begin ] --END-- [ RunTime:0.000000s ]
INFO: [ view_parse ] --START--
INFO: [ template_filter ] --START--
INFO: Run Behavior\ContentReplaceBehavior [ RunTime:0.000000s ]
INFO: [ template_filter ] --END-- [ RunTime:0.000000s ]
NOTIC: [8] Undefined variable: keywords C:\wamp\www\tongmeng\App\Runtime\Cache\Home\00e52909bed743ea261af4b6823297ff.php 第 6 行.
NOTIC: [8] Undefined variable: description C:\wamp\www\tongmeng\App\Runtime\Cache\Home\00e52909bed743ea261af4b6823297ff.php 第 7 行.
NOTIC: [8] Undefined variable: title C:\wamp\www\tongmeng\App\Runtime\Cache\Home\00e52909bed743ea261af4b6823297ff.php 第 8 行.
INFO: Run Behavior\ParseTemplateBehavior [ RunTime:0.000000s ]
INFO: [ view_parse ] --END-- [ RunTime:0.000000s ]
INFO: [ view_filter ] --START--
INFO: Run Behavior\WriteHtmlCacheBehavior [ RunTime:0.015625s ]
INFO: [ view_filter ] --END-- [ RunTime:0.015625s ]
INFO: [ app_end ] --START--
INFO: Run Behavior\ShowPageTraceBehavior [ RunTime:0.000000s ]
INFO: [ app_end ] --END-- [ RunTime:0.000000s ]

[ 2015-07-10T08:50:40+08:00 ] 127.0.0.1 /tongmeng/index.php
INFO: [ app_init ] --START--
INFO: Run Behavior\BuildLiteBehavior [ RunTime:0.000000s ]
INFO: [ app_init ] --END-- [ RunTime:0.000000s ]
INFO: [ app_begin ] --START--
INFO: Run Behavior\ReadHtmlCacheBehavior [ RunTime:0.000000s ]
INFO: [ app_begin ] --END-- [ RunTime:0.000000s ]
INFO: [ view_parse ] --START--
INFO: [ template_filter ] --START--
INFO: Run Behavior\ContentReplaceBehavior [ RunTime:0.000000s ]
INFO: [ template_filter ] --END-- [ RunTime:0.000000s ]
NOTIC: [8] Undefined variable: keywords C:\wamp\www\tongmeng\App\Runtime\Cache\Home\00e52909bed743ea261af4b6823297ff.php 第 6 行.
NOTIC: [8] Undefined variable: description C:\wamp\www\tongmeng\App\Runtime\Cache\Home\00e52909bed743ea261af4b6823297ff.php 第 7 行.
NOTIC: [8] Undefined variable: title C:\wamp\www\tongmeng\App\Runtime\Cache\Home\00e52909bed743ea261af4b6823297ff.php 第 8 行.
INFO: Run Behavior\ParseTemplateBehavior [ RunTime:0.000000s ]
INFO: [ view_parse ] --END-- [ RunTime:0.000000s ]
INFO: [ view_filter ] --START--
INFO: Run Behavior\WriteHtmlCacheBehavior [ RunTime:0.000000s ]
INFO: [ view_filter ] --END-- [ RunTime:0.000000s ]
INFO: [ app_end ] --START--
INFO: Run Behavior\ShowPageTraceBehavior [ RunTime:0.015625s ]
INFO: [ app_end ] --END-- [ RunTime:0.015625s ]

[ 2015-07-10T08:50:40+08:00 ] 127.0.0.1 /tongmeng/index.php
INFO: [ app_init ] --START--
INFO: Run Behavior\BuildLiteBehavior [ RunTime:0.000000s ]
INFO: [ app_init ] --END-- [ RunTime:0.000000s ]
INFO: [ app_begin ] --START--
INFO: Run Behavior\ReadHtmlCacheBehavior [ RunTime:0.000000s ]
INFO: [ app_begin ] --END-- [ RunTime:0.000000s ]
INFO: [ view_parse ] --START--
INFO: [ template_filter ] --START--
INFO: Run Behavior\ContentReplaceBehavior [ RunTime:0.000000s ]
INFO: [ template_filter ] --END-- [ RunTime:0.000000s ]
NOTIC: [8] Undefined variable: keywords C:\wamp\www\tongmeng\App\Runtime\Cache\Home\00e52909bed743ea261af4b6823297ff.php 第 6 行.
NOTIC: [8] Undefined variable: description C:\wamp\www\tongmeng\App\Runtime\Cache\Home\00e52909bed743ea261af4b6823297ff.php 第 7 行.
NOTIC: [8] Undefined variable: title C:\wamp\www\tongmeng\App\Runtime\Cache\Home\00e52909bed743ea261af4b6823297ff.php 第 8 行.
INFO: Run Behavior\ParseTemplateBehavior [ RunTime:0.015625s ]
INFO: [ view_parse ] --END-- [ RunTime:0.015625s ]
INFO: [ view_filter ] --START--
INFO: Run Behavior\WriteHtmlCacheBehavior [ RunTime:0.000000s ]
INFO: [ view_filter ] --END-- [ RunTime:0.000000s ]
INFO: [ app_end ] --START--
INFO: Run Behavior\ShowPageTraceBehavior [ RunTime:0.000000s ]
INFO: [ app_end ] --END-- [ RunTime:0.000000s ]

[ 2015-07-10T08:50:40+08:00 ] 127.0.0.1 /tongmeng/index.php
INFO: [ app_init ] --START--
INFO: Run Behavior\BuildLiteBehavior [ RunTime:0.000000s ]
INFO: [ app_init ] --END-- [ RunTime:0.000000s ]
INFO: [ app_begin ] --START--
INFO: Run Behavior\ReadHtmlCacheBehavior [ RunTime:0.000000s ]
INFO: [ app_begin ] --END-- [ RunTime:0.000000s ]
INFO: [ view_parse ] --START--
INFO: [ template_filter ] --START--
INFO: Run Behavior\ContentReplaceBehavior [ RunTime:0.000000s ]
INFO: [ template_filter ] --END-- [ RunTime:0.000000s ]
NOTIC: [8] Undefined variable: keywords C:\wamp\www\tongmeng\App\Runtime\Cache\Home\00e52909bed743ea261af4b6823297ff.php 第 6 行.
NOTIC: [8] Undefined variable: description C:\wamp\www\tongmeng\App\Runtime\Cache\Home\00e52909bed743ea261af4b6823297ff.php 第 7 行.
NOTIC: [8] Undefined variable: title C:\wamp\www\tongmeng\App\Runtime\Cache\Home\00e52909bed743ea261af4b6823297ff.php 第 8 行.
INFO: Run Behavior\ParseTemplateBehavior [ RunTime:0.015625s ]
INFO: [ view_parse ] --END-- [ RunTime:0.015625s ]
INFO: [ view_filter ] --START--
INFO: Run Behavior\WriteHtmlCacheBehavior [ RunTime:0.000000s ]
INFO: [ view_filter ] --END-- [ RunTime:0.000000s ]
INFO: [ app_end ] --START--
INFO: Run Behavior\ShowPageTraceBehavior [ RunTime:0.000000s ]
INFO: [ app_end ] --END-- [ RunTime:0.000000s ]

[ 2015-07-10T08:50:41+08:00 ] 127.0.0.1 /tongmeng/index.php
INFO: [ app_init ] --START--
INFO: Run Behavior\BuildLiteBehavior [ RunTime:0.000000s ]
INFO: [ app_init ] --END-- [ RunTime:0.000000s ]
INFO: [ app_begin ] --START--
INFO: Run Behavior\ReadHtmlCacheBehavior [ RunTime:0.000000s ]
INFO: [ app_begin ] --END-- [ RunTime:0.000000s ]
INFO: [ view_parse ] --START--
INFO: [ template_filter ] --START--
INFO: Run Behavior\ContentReplaceBehavior [ RunTime:0.000000s ]
INFO: [ template_filter ] --END-- [ RunTime:0.000000s ]
NOTIC: [8] Undefined variable: keywords C:\wamp\www\tongmeng\App\Runtime\Cache\Home\00e52909bed743ea261af4b6823297ff.php 第 6 行.
NOTIC: [8] Undefined variable: description C:\wamp\www\tongmeng\App\Runtime\Cache\Home\00e52909bed743ea261af4b6823297ff.php 第 7 行.
NOTIC: [8] Undefined variable: title C:\wamp\www\tongmeng\App\Runtime\Cache\Home\00e52909bed743ea261af4b6823297ff.php 第 8 行.
INFO: Run Behavior\ParseTemplateBehavior [ RunTime:0.015625s ]
INFO: [ view_parse ] --END-- [ RunTime:0.015625s ]
INFO: [ view_filter ] --START--
INFO: Run Behavior\WriteHtmlCacheBehavior [ RunTime:0.000000s ]
INFO: [ view_filter ] --END-- [ RunTime:0.000000s ]
INFO: [ app_end ] --START--
INFO: Run Behavior\ShowPageTraceBehavior [ RunTime:0.000000s ]
INFO: [ app_end ] --END-- [ RunTime:0.000000s ]

[ 2015-07-10T08:50:41+08:00 ] 127.0.0.1 /tongmeng/index.php
INFO: [ app_init ] --START--
INFO: Run Behavior\BuildLiteBehavior [ RunTime:0.000000s ]
INFO: [ app_init ] --END-- [ RunTime:0.000000s ]
INFO: [ app_begin ] --START--
INFO: Run Behavior\ReadHtmlCacheBehavior [ RunTime:0.000000s ]
INFO: [ app_begin ] --END-- [ RunTime:0.000000s ]
INFO: [ view_parse ] --START--
INFO: [ template_filter ] --START--
INFO: Run Behavior\ContentReplaceBehavior [ RunTime:0.000000s ]
INFO: [ template_filter ] --END-- [ RunTime:0.000000s ]
NOTIC: [8] Undefined variable: keywords C:\wamp\www\tongmeng\App\Runtime\Cache\Home\00e52909bed743ea261af4b6823297ff.php 第 6 行.
NOTIC: [8] Undefined variable: description C:\wamp\www\tongmeng\App\Runtime\Cache\Home\00e52909bed743ea261af4b6823297ff.php 第 7 行.
NOTIC: [8] Undefined variable: title C:\wamp\www\tongmeng\App\Runtime\Cache\Home\00e52909bed743ea261af4b6823297ff.php 第 8 行.
INFO: Run Behavior\ParseTemplateBehavior [ RunTime:0.000000s ]
INFO: [ view_parse ] --END-- [ RunTime:0.000000s ]
INFO: [ view_filter ] --START--
INFO: Run Behavior\WriteHtmlCacheBehavior [ RunTime:0.000000s ]
INFO: [ view_filter ] --END-- [ RunTime:0.000000s ]
INFO: [ app_end ] --START--
INFO: Run Behavior\ShowPageTraceBehavior [ RunTime:0.000000s ]
INFO: [ app_end ] --END-- [ RunTime:0.000000s ]

[ 2015-07-10T08:50:41+08:00 ] 127.0.0.1 /tongmeng/index.php
INFO: [ app_init ] --START--
INFO: Run Behavior\BuildLiteBehavior [ RunTime:0.000000s ]
INFO: [ app_init ] --END-- [ RunTime:0.000000s ]
INFO: [ app_begin ] --START--
INFO: Run Behavior\ReadHtmlCacheBehavior [ RunTime:0.000000s ]
INFO: [ app_begin ] --END-- [ RunTime:0.000000s ]
INFO: [ view_parse ] --START--
INFO: [ template_filter ] --START--
INFO: Run Behavior\ContentReplaceBehavior [ RunTime:0.000000s ]
INFO: [ template_filter ] --END-- [ RunTime:0.000000s ]
NOTIC: [8] Undefined variable: keywords C:\wamp\www\tongmeng\App\Runtime\Cache\Home\00e52909bed743ea261af4b6823297ff.php 第 6 行.
NOTIC: [8] Undefined variable: description C:\wamp\www\tongmeng\App\Runtime\Cache\Home\00e52909bed743ea261af4b6823297ff.php 第 7 行.
NOTIC: [8] Undefined variable: title C:\wamp\www\tongmeng\App\Runtime\Cache\Home\00e52909bed743ea261af4b6823297ff.php 第 8 行.
INFO: Run Behavior\ParseTemplateBehavior [ RunTime:0.015625s ]
INFO: [ view_parse ] --END-- [ RunTime:0.015625s ]
INFO: [ view_filter ] --START--
INFO: Run Behavior\WriteHtmlCacheBehavior [ RunTime:0.000000s ]
INFO: [ view_filter ] --END-- [ RunTime:0.000000s ]
INFO: [ app_end ] --START--
INFO: Run Behavior\ShowPageTraceBehavior [ RunTime:0.000000s ]
INFO: [ app_end ] --END-- [ RunTime:0.000000s ]

[ 2015-07-10T08:50:41+08:00 ] 127.0.0.1 /tongmeng/index.php
INFO: [ app_init ] --START--
INFO: Run Behavior\BuildLiteBehavior [ RunTime:0.000000s ]
INFO: [ app_init ] --END-- [ RunTime:0.000000s ]
INFO: [ app_begin ] --START--
INFO: Run Behavior\ReadHtmlCacheBehavior [ RunTime:0.000000s ]
INFO: [ app_begin ] --END-- [ RunTime:0.000000s ]
INFO: [ view_parse ] --START--
INFO: [ template_filter ] --START--
INFO: Run Behavior\ContentReplaceBehavior [ RunTime:0.000000s ]
INFO: [ template_filter ] --END-- [ RunTime:0.000000s ]
NOTIC: [8] Undefined variable: keywords C:\wamp\www\tongmeng\App\Runtime\Cache\Home\00e52909bed743ea261af4b6823297ff.php 第 6 行.
NOTIC: [8] Undefined variable: description C:\wamp\www\tongmeng\App\Runtime\Cache\Home\00e52909bed743ea261af4b6823297ff.php 第 7 行.
NOTIC: [8] Undefined variable: title C:\wamp\www\tongmeng\App\Runtime\Cache\Home\00e52909bed743ea261af4b6823297ff.php 第 8 行.
INFO: Run Behavior\ParseTemplateBehavior [ RunTime:0.015625s ]
INFO: [ view_parse ] --END-- [ RunTime:0.015625s ]
INFO: [ view_filter ] --START--
INFO: Run Behavior\WriteHtmlCacheBehavior [ RunTime:0.000000s ]
INFO: [ view_filter ] --END-- [ RunTime:0.000000s ]
INFO: [ app_end ] --START--
INFO: Run Behavior\ShowPageTraceBehavior [ RunTime:0.000000s ]
INFO: [ app_end ] --END-- [ RunTime:0.000000s ]

[ 2015-07-10T08:50:41+08:00 ] 127.0.0.1 /tongmeng/index.php
INFO: [ app_init ] --START--
INFO: Run Behavior\BuildLiteBehavior [ RunTime:0.000000s ]
INFO: [ app_init ] --END-- [ RunTime:0.000000s ]
INFO: [ app_begin ] --START--
INFO: Run Behavior\ReadHtmlCacheBehavior [ RunTime:0.015625s ]
INFO: [ app_begin ] --END-- [ RunTime:0.015625s ]
INFO: [ view_parse ] --START--
INFO: [ template_filter ] --START--
INFO: Run Behavior\ContentReplaceBehavior [ RunTime:0.000000s ]
INFO: [ template_filter ] --END-- [ RunTime:0.000000s ]
NOTIC: [8] Undefined variable: keywords C:\wamp\www\tongmeng\App\Runtime\Cache\Home\00e52909bed743ea261af4b6823297ff.php 第 6 行.
NOTIC: [8] Undefined variable: description C:\wamp\www\tongmeng\App\Runtime\Cache\Home\00e52909bed743ea261af4b6823297ff.php 第 7 行.
NOTIC: [8] Undefined variable: title C:\wamp\www\tongmeng\App\Runtime\Cache\Home\00e52909bed743ea261af4b6823297ff.php 第 8 行.
INFO: Run Behavior\ParseTemplateBehavior [ RunTime:0.000000s ]
INFO: [ view_parse ] --END-- [ RunTime:0.000000s ]
INFO: [ view_filter ] --START--
INFO: Run Behavior\WriteHtmlCacheBehavior [ RunTime:0.015625s ]
INFO: [ view_filter ] --END-- [ RunTime:0.015625s ]
INFO: [ app_end ] --START--
INFO: Run Behavior\ShowPageTraceBehavior [ RunTime:0.000000s ]
INFO: [ app_end ] --END-- [ RunTime:0.000000s ]

[ 2015-07-10T08:50:41+08:00 ] 127.0.0.1 /tongmeng/index.php
INFO: [ app_init ] --START--
INFO: Run Behavior\BuildLiteBehavior [ RunTime:0.000000s ]
INFO: [ app_init ] --END-- [ RunTime:0.000000s ]
INFO: [ app_begin ] --START--
INFO: Run Behavior\ReadHtmlCacheBehavior [ RunTime:0.000000s ]
INFO: [ app_begin ] --END-- [ RunTime:0.000000s ]
INFO: [ view_parse ] --START--
INFO: [ template_filter ] --START--
INFO: Run Behavior\ContentReplaceBehavior [ RunTime:0.000000s ]
INFO: [ template_filter ] --END-- [ RunTime:0.000000s ]
NOTIC: [8] Undefined variable: keywords C:\wamp\www\tongmeng\App\Runtime\Cache\Home\00e52909bed743ea261af4b6823297ff.php 第 6 行.
NOTIC: [8] Undefined variable: description C:\wamp\www\tongmeng\App\Runtime\Cache\Home\00e52909bed743ea261af4b6823297ff.php 第 7 行.
NOTIC: [8] Undefined variable: title C:\wamp\www\tongmeng\App\Runtime\Cache\Home\00e52909bed743ea261af4b6823297ff.php 第 8 行.
INFO: Run Behavior\ParseTemplateBehavior [ RunTime:0.000000s ]
INFO: [ view_parse ] --END-- [ RunTime:0.000000s ]
INFO: [ view_filter ] --START--
INFO: Run Behavior\WriteHtmlCacheBehavior [ RunTime:0.000000s ]
INFO: [ view_filter ] --END-- [ RunTime:0.000000s ]
INFO: [ app_end ] --START--
INFO: Run Behavior\ShowPageTraceBehavior [ RunTime:0.000000s ]
INFO: [ app_end ] --END-- [ RunTime:0.000000s ]

[ 2015-07-10T08:50:41+08:00 ] 127.0.0.1 /tongmeng/index.php
INFO: [ app_init ] --START--
INFO: Run Behavior\BuildLiteBehavior [ RunTime:0.000000s ]
INFO: [ app_init ] --END-- [ RunTime:0.000000s ]
INFO: [ app_begin ] --START--
INFO: Run Behavior\ReadHtmlCacheBehavior [ RunTime:0.000000s ]
INFO: [ app_begin ] --END-- [ RunTime:0.000000s ]
INFO: [ view_parse ] --START--
INFO: [ template_filter ] --START--
INFO: Run Behavior\ContentReplaceBehavior [ RunTime:0.000000s ]
INFO: [ template_filter ] --END-- [ RunTime:0.000000s ]
NOTIC: [8] Undefined variable: keywords C:\wamp\www\tongmeng\App\Runtime\Cache\Home\00e52909bed743ea261af4b6823297ff.php 第 6 行.
NOTIC: [8] Undefined variable: description C:\wamp\www\tongmeng\App\Runtime\Cache\Home\00e52909bed743ea261af4b6823297ff.php 第 7 行.
NOTIC: [8] Undefined variable: title C:\wamp\www\tongmeng\App\Runtime\Cache\Home\00e52909bed743ea261af4b6823297ff.php 第 8 行.
INFO: Run Behavior\ParseTemplateBehavior [ RunTime:0.015625s ]
INFO: [ view_parse ] --END-- [ RunTime:0.015625s ]
INFO: [ view_filter ] --START--
INFO: Run Behavior\WriteHtmlCacheBehavior [ RunTime:0.000000s ]
INFO: [ view_filter ] --END-- [ RunTime:0.000000s ]
INFO: [ app_end ] --START--
INFO: Run Behavior\ShowPageTraceBehavior [ RunTime:0.000000s ]
INFO: [ app_end ] --END-- [ RunTime:0.000000s ]

[ 2015-07-10T08:50:41+08:00 ] 127.0.0.1 /tongmeng/index.php
INFO: [ app_init ] --START--
INFO: Run Behavior\BuildLiteBehavior [ RunTime:0.000000s ]
INFO: [ app_init ] --END-- [ RunTime:0.000000s ]
INFO: [ app_begin ] --START--
INFO: Run Behavior\ReadHtmlCacheBehavior [ RunTime:0.000000s ]
INFO: [ app_begin ] --END-- [ RunTime:0.000000s ]
INFO: [ view_parse ] --START--
INFO: [ template_filter ] --START--
INFO: Run Behavior\ContentReplaceBehavior [ RunTime:0.000000s ]
INFO: [ template_filter ] --END-- [ RunTime:0.000000s ]
NOTIC: [8] Undefined variable: keywords C:\wamp\www\tongmeng\App\Runtime\Cache\Home\00e52909bed743ea261af4b6823297ff.php 第 6 行.
NOTIC: [8] Undefined variable: description C:\wamp\www\tongmeng\App\Runtime\Cache\Home\00e52909bed743ea261af4b6823297ff.php 第 7 行.
NOTIC: [8] Undefined variable: title C:\wamp\www\tongmeng\App\Runtime\Cache\Home\00e52909bed743ea261af4b6823297ff.php 第 8 行.
INFO: Run Behavior\ParseTemplateBehavior [ RunTime:0.015625s ]
INFO: [ view_parse ] --END-- [ RunTime:0.015625s ]
INFO: [ view_filter ] --START--
INFO: Run Behavior\WriteHtmlCacheBehavior [ RunTime:0.000000s ]
INFO: [ view_filter ] --END-- [ RunTime:0.000000s ]
INFO: [ app_end ] --START--
INFO: Run Behavior\ShowPageTraceBehavior [ RunTime:0.000000s ]
INFO: [ app_end ] --END-- [ RunTime:0.000000s ]

[ 2015-07-10T08:50:42+08:00 ] 127.0.0.1 /tongmeng/index.php
INFO: [ app_init ] --START--
INFO: Run Behavior\BuildLiteBehavior [ RunTime:0.000000s ]
INFO: [ app_init ] --END-- [ RunTime:0.000000s ]
INFO: [ app_begin ] --START--
INFO: Run Behavior\ReadHtmlCacheBehavior [ RunTime:0.000000s ]
INFO: [ app_begin ] --END-- [ RunTime:0.000000s ]
INFO: [ view_parse ] --START--
INFO: [ template_filter ] --START--
INFO: Run Behavior\ContentReplaceBehavior [ RunTime:0.000000s ]
INFO: [ template_filter ] --END-- [ RunTime:0.000000s ]
NOTIC: [8] Undefined variable: keywords C:\wamp\www\tongmeng\App\Runtime\Cache\Home\00e52909bed743ea261af4b6823297ff.php 第 6 行.
NOTIC: [8] Undefined variable: description C:\wamp\www\tongmeng\App\Runtime\Cache\Home\00e52909bed743ea261af4b6823297ff.php 第 7 行.
NOTIC: [8] Undefined variable: title C:\wamp\www\tongmeng\App\Runtime\Cache\Home\00e52909bed743ea261af4b6823297ff.php 第 8 行.
INFO: Run Behavior\ParseTemplateBehavior [ RunTime:0.015625s ]
INFO: [ view_parse ] --END-- [ RunTime:0.015625s ]
INFO: [ view_filter ] --START--
INFO: Run Behavior\WriteHtmlCacheBehavior [ RunTime:0.000000s ]
INFO: [ view_filter ] --END-- [ RunTime:0.000000s ]
INFO: [ app_end ] --START--
INFO: Run Behavior\ShowPageTraceBehavior [ RunTime:0.000000s ]
INFO: [ app_end ] --END-- [ RunTime:0.000000s ]

[ 2015-07-10T08:50:42+08:00 ] 127.0.0.1 /tongmeng/index.php
INFO: [ app_init ] --START--
INFO: Run Behavior\BuildLiteBehavior [ RunTime:0.000000s ]
INFO: [ app_init ] --END-- [ RunTime:0.000000s ]
INFO: [ app_begin ] --START--
INFO: Run Behavior\ReadHtmlCacheBehavior [ RunTime:0.000000s ]
INFO: [ app_begin ] --END-- [ RunTime:0.000000s ]
INFO: [ view_parse ] --START--
INFO: [ template_filter ] --START--
INFO: Run Behavior\ContentReplaceBehavior [ RunTime:0.000000s ]
INFO: [ template_filter ] --END-- [ RunTime:0.000000s ]
NOTIC: [8] Undefined variable: keywords C:\wamp\www\tongmeng\App\Runtime\Cache\Home\00e52909bed743ea261af4b6823297ff.php 第 6 行.
NOTIC: [8] Undefined variable: description C:\wamp\www\tongmeng\App\Runtime\Cache\Home\00e52909bed743ea261af4b6823297ff.php 第 7 行.
NOTIC: [8] Undefined variable: title C:\wamp\www\tongmeng\App\Runtime\Cache\Home\00e52909bed743ea261af4b6823297ff.php 第 8 行.
INFO: Run Behavior\ParseTemplateBehavior [ RunTime:0.015625s ]
INFO: [ view_parse ] --END-- [ RunTime:0.015625s ]
INFO: [ view_filter ] --START--
INFO: Run Behavior\WriteHtmlCacheBehavior [ RunTime:0.000000s ]
INFO: [ view_filter ] --END-- [ RunTime:0.000000s ]
INFO: [ app_end ] --START--
INFO: Run Behavior\ShowPageTraceBehavior [ RunTime:0.000000s ]
INFO: [ app_end ] --END-- [ RunTime:0.000000s ]

[ 2015-07-10T08:50:42+08:00 ] 127.0.0.1 /tongmeng/index.php
INFO: [ app_init ] --START--
INFO: Run Behavior\BuildLiteBehavior [ RunTime:0.000000s ]
INFO: [ app_init ] --END-- [ RunTime:0.000000s ]
INFO: [ app_begin ] --START--
INFO: Run Behavior\ReadHtmlCacheBehavior [ RunTime:0.000000s ]
INFO: [ app_begin ] --END-- [ RunTime:0.000000s ]
INFO: [ view_parse ] --START--
INFO: [ template_filter ] --START--
INFO: Run Behavior\ContentReplaceBehavior [ RunTime:0.000000s ]
INFO: [ template_filter ] --END-- [ RunTime:0.000000s ]
NOTIC: [8] Undefined variable: keywords C:\wamp\www\tongmeng\App\Runtime\Cache\Home\00e52909bed743ea261af4b6823297ff.php 第 6 行.
NOTIC: [8] Undefined variable: description C:\wamp\www\tongmeng\App\Runtime\Cache\Home\00e52909bed743ea261af4b6823297ff.php 第 7 行.
NOTIC: [8] Undefined variable: title C:\wamp\www\tongmeng\App\Runtime\Cache\Home\00e52909bed743ea261af4b6823297ff.php 第 8 行.
INFO: Run Behavior\ParseTemplateBehavior [ RunTime:0.015625s ]
INFO: [ view_parse ] --END-- [ RunTime:0.015625s ]
INFO: [ view_filter ] --START--
INFO: Run Behavior\WriteHtmlCacheBehavior [ RunTime:0.000000s ]
INFO: [ view_filter ] --END-- [ RunTime:0.000000s ]
INFO: [ app_end ] --START--
INFO: Run Behavior\ShowPageTraceBehavior [ RunTime:0.000000s ]
INFO: [ app_end ] --END-- [ RunTime:0.000000s ]

[ 2015-07-10T08:50:43+08:00 ] 127.0.0.1 /tongmeng/index.php
INFO: [ app_init ] --START--
INFO: Run Behavior\BuildLiteBehavior [ RunTime:0.000000s ]
INFO: [ app_init ] --END-- [ RunTime:0.000000s ]
INFO: [ app_begin ] --START--
INFO: Run Behavior\ReadHtmlCacheBehavior [ RunTime:0.000000s ]
INFO: [ app_begin ] --END-- [ RunTime:0.000000s ]
INFO: [ view_parse ] --START--
INFO: [ template_filter ] --START--
INFO: Run Behavior\ContentReplaceBehavior [ RunTime:0.000000s ]
INFO: [ template_filter ] --END-- [ RunTime:0.000000s ]
NOTIC: [8] Undefined variable: keywords C:\wamp\www\tongmeng\App\Runtime\Cache\Home\00e52909bed743ea261af4b6823297ff.php 第 6 行.
NOTIC: [8] Undefined variable: description C:\wamp\www\tongmeng\App\Runtime\Cache\Home\00e52909bed743ea261af4b6823297ff.php 第 7 行.
NOTIC: [8] Undefined variable: title C:\wamp\www\tongmeng\App\Runtime\Cache\Home\00e52909bed743ea261af4b6823297ff.php 第 8 行.
INFO: Run Behavior\ParseTemplateBehavior [ RunTime:0.015625s ]
INFO: [ view_parse ] --END-- [ RunTime:0.015625s ]
INFO: [ view_filter ] --START--
INFO: Run Behavior\WriteHtmlCacheBehavior [ RunTime:0.000000s ]
INFO: [ view_filter ] --END-- [ RunTime:0.000000s ]
INFO: [ app_end ] --START--
INFO: Run Behavior\ShowPageTraceBehavior [ RunTime:0.000000s ]
INFO: [ app_end ] --END-- [ RunTime:0.000000s ]

[ 2015-07-10T08:50:44+08:00 ] 127.0.0.1 /tongmeng/index.php
INFO: [ app_init ] --START--
INFO: Run Behavior\BuildLiteBehavior [ RunTime:0.000000s ]
INFO: [ app_init ] --END-- [ RunTime:0.000000s ]
INFO: [ app_begin ] --START--
INFO: Run Behavior\ReadHtmlCacheBehavior [ RunTime:0.000000s ]
INFO: [ app_begin ] --END-- [ RunTime:0.000000s ]
INFO: [ view_parse ] --START--
INFO: [ template_filter ] --START--
INFO: Run Behavior\ContentReplaceBehavior [ RunTime:0.000000s ]
INFO: [ template_filter ] --END-- [ RunTime:0.000000s ]
NOTIC: [8] Undefined variable: keywords C:\wamp\www\tongmeng\App\Runtime\Cache\Home\00e52909bed743ea261af4b6823297ff.php 第 6 行.
NOTIC: [8] Undefined variable: description C:\wamp\www\tongmeng\App\Runtime\Cache\Home\00e52909bed743ea261af4b6823297ff.php 第 7 行.
NOTIC: [8] Undefined variable: title C:\wamp\www\tongmeng\App\Runtime\Cache\Home\00e52909bed743ea261af4b6823297ff.php 第 8 行.
INFO: Run Behavior\ParseTemplateBehavior [ RunTime:0.015625s ]
INFO: [ view_parse ] --END-- [ RunTime:0.015625s ]
INFO: [ view_filter ] --START--
INFO: Run Behavior\WriteHtmlCacheBehavior [ RunTime:0.000000s ]
INFO: [ view_filter ] --END-- [ RunTime:0.000000s ]
INFO: [ app_end ] --START--
INFO: Run Behavior\ShowPageTraceBehavior [ RunTime:0.000000s ]
INFO: [ app_end ] --END-- [ RunTime:0.000000s ]

[ 2015-07-10T08:50:44+08:00 ] 127.0.0.1 /tongmeng/index.php
INFO: [ app_init ] --START--
INFO: Run Behavior\BuildLiteBehavior [ RunTime:0.000000s ]
INFO: [ app_init ] --END-- [ RunTime:0.000000s ]
INFO: [ app_begin ] --START--
INFO: Run Behavior\ReadHtmlCacheBehavior [ RunTime:0.000000s ]
INFO: [ app_begin ] --END-- [ RunTime:0.000000s ]
INFO: [ view_parse ] --START--
INFO: [ template_filter ] --START--
INFO: Run Behavior\ContentReplaceBehavior [ RunTime:0.000000s ]
INFO: [ template_filter ] --END-- [ RunTime:0.000000s ]
NOTIC: [8] Undefined variable: keywords C:\wamp\www\tongmeng\App\Runtime\Cache\Home\00e52909bed743ea261af4b6823297ff.php 第 6 行.
NOTIC: [8] Undefined variable: description C:\wamp\www\tongmeng\App\Runtime\Cache\Home\00e52909bed743ea261af4b6823297ff.php 第 7 行.
NOTIC: [8] Undefined variable: title C:\wamp\www\tongmeng\App\Runtime\Cache\Home\00e52909bed743ea261af4b6823297ff.php 第 8 行.
INFO: Run Behavior\ParseTemplateBehavior [ RunTime:0.015625s ]
INFO: [ view_parse ] --END-- [ RunTime:0.015625s ]
INFO: [ view_filter ] --START--
INFO: Run Behavior\WriteHtmlCacheBehavior [ RunTime:0.000000s ]
INFO: [ view_filter ] --END-- [ RunTime:0.000000s ]
INFO: [ app_end ] --START--
INFO: Run Behavior\ShowPageTraceBehavior [ RunTime:0.000000s ]
INFO: [ app_end ] --END-- [ RunTime:0.000000s ]

[ 2015-07-10T08:50:44+08:00 ] 127.0.0.1 /tongmeng/index.php
INFO: [ app_init ] --START--
INFO: Run Behavior\BuildLiteBehavior [ RunTime:0.000000s ]
INFO: [ app_init ] --END-- [ RunTime:0.000000s ]
INFO: [ app_begin ] --START--
INFO: Run Behavior\ReadHtmlCacheBehavior [ RunTime:0.000000s ]
INFO: [ app_begin ] --END-- [ RunTime:0.000000s ]
INFO: [ view_parse ] --START--
INFO: [ template_filter ] --START--
INFO: Run Behavior\ContentReplaceBehavior [ RunTime:0.000000s ]
INFO: [ template_filter ] --END-- [ RunTime:0.000000s ]
NOTIC: [8] Undefined variable: keywords C:\wamp\www\tongmeng\App\Runtime\Cache\Home\00e52909bed743ea261af4b6823297ff.php 第 6 行.
NOTIC: [8] Undefined variable: description C:\wamp\www\tongmeng\App\Runtime\Cache\Home\00e52909bed743ea261af4b6823297ff.php 第 7 行.
NOTIC: [8] Undefined variable: title C:\wamp\www\tongmeng\App\Runtime\Cache\Home\00e52909bed743ea261af4b6823297ff.php 第 8 行.
INFO: Run Behavior\ParseTemplateBehavior [ RunTime:0.015625s ]
INFO: [ view_parse ] --END-- [ RunTime:0.015625s ]
INFO: [ view_filter ] --START--
INFO: Run Behavior\WriteHtmlCacheBehavior [ RunTime:0.000000s ]
INFO: [ view_filter ] --END-- [ RunTime:0.000000s ]
INFO: [ app_end ] --START--
INFO: Run Behavior\ShowPageTraceBehavior [ RunTime:0.000000s ]
INFO: [ app_end ] --END-- [ RunTime:0.000000s ]

[ 2015-07-10T08:50:44+08:00 ] 127.0.0.1 /tongmeng/index.php
INFO: [ app_init ] --START--
INFO: Run Behavior\BuildLiteBehavior [ RunTime:0.000000s ]
INFO: [ app_init ] --END-- [ RunTime:0.000000s ]
INFO: [ app_begin ] --START--
INFO: Run Behavior\ReadHtmlCacheBehavior [ RunTime:0.000000s ]
INFO: [ app_begin ] --END-- [ RunTime:0.000000s ]
INFO: [ view_parse ] --START--
INFO: [ template_filter ] --START--
INFO: Run Behavior\ContentReplaceBehavior [ RunTime:0.000000s ]
INFO: [ template_filter ] --END-- [ RunTime:0.000000s ]
NOTIC: [8] Undefined variable: keywords C:\wamp\www\tongmeng\App\Runtime\Cache\Home\00e52909bed743ea261af4b6823297ff.php 第 6 行.
NOTIC: [8] Undefined variable: description C:\wamp\www\tongmeng\App\Runtime\Cache\Home\00e52909bed743ea261af4b6823297ff.php 第 7 行.
NOTIC: [8] Undefined variable: title C:\wamp\www\tongmeng\App\Runtime\Cache\Home\00e52909bed743ea261af4b6823297ff.php 第 8 行.
INFO: Run Behavior\ParseTemplateBehavior [ RunTime:0.015625s ]
INFO: [ view_parse ] --END-- [ RunTime:0.015625s ]
INFO: [ view_filter ] --START--
INFO: Run Behavior\WriteHtmlCacheBehavior [ RunTime:0.000000s ]
INFO: [ view_filter ] --END-- [ RunTime:0.000000s ]
INFO: [ app_end ] --START--
INFO: Run Behavior\ShowPageTraceBehavior [ RunTime:0.000000s ]
INFO: [ app_end ] --END-- [ RunTime:0.000000s ]

[ 2015-07-10T08:50:44+08:00 ] 127.0.0.1 /tongmeng/index.php
INFO: [ app_init ] --START--
INFO: Run Behavior\BuildLiteBehavior [ RunTime:0.000000s ]
INFO: [ app_init ] --END-- [ RunTime:0.000000s ]
INFO: [ app_begin ] --START--
INFO: Run Behavior\ReadHtmlCacheBehavior [ RunTime:0.000000s ]
INFO: [ app_begin ] --END-- [ RunTime:0.000000s ]
INFO: [ view_parse ] --START--
INFO: [ template_filter ] --START--
INFO: Run Behavior\ContentReplaceBehavior [ RunTime:0.000000s ]
INFO: [ template_filter ] --END-- [ RunTime:0.000000s ]
NOTIC: [8] Undefined variable: keywords C:\wamp\www\tongmeng\App\Runtime\Cache\Home\00e52909bed743ea261af4b6823297ff.php 第 6 行.
NOTIC: [8] Undefined variable: description C:\wamp\www\tongmeng\App\Runtime\Cache\Home\00e52909bed743ea261af4b6823297ff.php 第 7 行.
NOTIC: [8] Undefined variable: title C:\wamp\www\tongmeng\App\Runtime\Cache\Home\00e52909bed743ea261af4b6823297ff.php 第 8 行.
INFO: Run Behavior\ParseTemplateBehavior [ RunTime:0.015625s ]
INFO: [ view_parse ] --END-- [ RunTime:0.015625s ]
INFO: [ view_filter ] --START--
INFO: Run Behavior\WriteHtmlCacheBehavior [ RunTime:0.000000s ]
INFO: [ view_filter ] --END-- [ RunTime:0.000000s ]
INFO: [ app_end ] --START--
INFO: Run Behavior\ShowPageTraceBehavior [ RunTime:0.000000s ]
INFO: [ app_end ] --END-- [ RunTime:0.000000s ]

[ 2015-07-10T08:50:44+08:00 ] 127.0.0.1 /tongmeng/index.php
INFO: [ app_init ] --START--
INFO: Run Behavior\BuildLiteBehavior [ RunTime:0.000000s ]
INFO: [ app_init ] --END-- [ RunTime:0.000000s ]
INFO: [ app_begin ] --START--
INFO: Run Behavior\ReadHtmlCacheBehavior [ RunTime:0.000000s ]
INFO: [ app_begin ] --END-- [ RunTime:0.015625s ]
INFO: [ view_parse ] --START--
INFO: [ template_filter ] --START--
INFO: Run Behavior\ContentReplaceBehavior [ RunTime:0.000000s ]
INFO: [ template_filter ] --END-- [ RunTime:0.000000s ]
NOTIC: [8] Undefined variable: keywords C:\wamp\www\tongmeng\App\Runtime\Cache\Home\00e52909bed743ea261af4b6823297ff.php 第 6 行.
NOTIC: [8] Undefined variable: description C:\wamp\www\tongmeng\App\Runtime\Cache\Home\00e52909bed743ea261af4b6823297ff.php 第 7 行.
NOTIC: [8] Undefined variable: title C:\wamp\www\tongmeng\App\Runtime\Cache\Home\00e52909bed743ea261af4b6823297ff.php 第 8 行.
INFO: Run Behavior\ParseTemplateBehavior [ RunTime:0.000000s ]
INFO: [ view_parse ] --END-- [ RunTime:0.000000s ]
INFO: [ view_filter ] --START--
INFO: Run Behavior\WriteHtmlCacheBehavior [ RunTime:0.000000s ]
INFO: [ view_filter ] --END-- [ RunTime:0.000000s ]
INFO: [ app_end ] --START--
INFO: Run Behavior\ShowPageTraceBehavior [ RunTime:0.000000s ]
INFO: [ app_end ] --END-- [ RunTime:0.000000s ]

[ 2015-07-10T08:50:45+08:00 ] 127.0.0.1 /tongmeng/index.php
INFO: [ app_init ] --START--
INFO: Run Behavior\BuildLiteBehavior [ RunTime:0.000000s ]
INFO: [ app_init ] --END-- [ RunTime:0.000000s ]
INFO: [ app_begin ] --START--
INFO: Run Behavior\ReadHtmlCacheBehavior [ RunTime:0.000000s ]
INFO: [ app_begin ] --END-- [ RunTime:0.000000s ]
INFO: [ view_parse ] --START--
INFO: [ template_filter ] --START--
INFO: Run Behavior\ContentReplaceBehavior [ RunTime:0.000000s ]
INFO: [ template_filter ] --END-- [ RunTime:0.000000s ]
NOTIC: [8] Undefined variable: keywords C:\wamp\www\tongmeng\App\Runtime\Cache\Home\00e52909bed743ea261af4b6823297ff.php 第 6 行.
NOTIC: [8] Undefined variable: description C:\wamp\www\tongmeng\App\Runtime\Cache\Home\00e52909bed743ea261af4b6823297ff.php 第 7 行.
NOTIC: [8] Undefined variable: title C:\wamp\www\tongmeng\App\Runtime\Cache\Home\00e52909bed743ea261af4b6823297ff.php 第 8 行.
INFO: Run Behavior\ParseTemplateBehavior [ RunTime:0.015625s ]
INFO: [ view_parse ] --END-- [ RunTime:0.015625s ]
INFO: [ view_filter ] --START--
INFO: Run Behavior\WriteHtmlCacheBehavior [ RunTime:0.000000s ]
INFO: [ view_filter ] --END-- [ RunTime:0.000000s ]
INFO: [ app_end ] --START--
INFO: Run Behavior\ShowPageTraceBehavior [ RunTime:0.000000s ]
INFO: [ app_end ] --END-- [ RunTime:0.000000s ]

[ 2015-07-10T08:50:45+08:00 ] 127.0.0.1 /tongmeng/index.php
INFO: [ app_init ] --START--
INFO: Run Behavior\BuildLiteBehavior [ RunTime:0.000000s ]
INFO: [ app_init ] --END-- [ RunTime:0.000000s ]
INFO: [ app_begin ] --START--
INFO: Run Behavior\ReadHtmlCacheBehavior [ RunTime:0.000000s ]
INFO: [ app_begin ] --END-- [ RunTime:0.000000s ]
INFO: [ view_parse ] --START--
INFO: [ template_filter ] --START--
INFO: Run Behavior\ContentReplaceBehavior [ RunTime:0.000000s ]
INFO: [ template_filter ] --END-- [ RunTime:0.000000s ]
NOTIC: [8] Undefined variable: keywords C:\wamp\www\tongmeng\App\Runtime\Cache\Home\00e52909bed743ea261af4b6823297ff.php 第 6 行.
NOTIC: [8] Undefined variable: description C:\wamp\www\tongmeng\App\Runtime\Cache\Home\00e52909bed743ea261af4b6823297ff.php 第 7 行.
NOTIC: [8] Undefined variable: title C:\wamp\www\tongmeng\App\Runtime\Cache\Home\00e52909bed743ea261af4b6823297ff.php 第 8 行.
INFO: Run Behavior\ParseTemplateBehavior [ RunTime:0.015625s ]
INFO: [ view_parse ] --END-- [ RunTime:0.015625s ]
INFO: [ view_filter ] --START--
INFO: Run Behavior\WriteHtmlCacheBehavior [ RunTime:0.000000s ]
INFO: [ view_filter ] --END-- [ RunTime:0.000000s ]
INFO: [ app_end ] --START--
INFO: Run Behavior\ShowPageTraceBehavior [ RunTime:0.000000s ]
INFO: [ app_end ] --END-- [ RunTime:0.000000s ]

[ 2015-07-10T08:50:45+08:00 ] 127.0.0.1 /tongmeng/index.php
INFO: [ app_init ] --START--
INFO: Run Behavior\BuildLiteBehavior [ RunTime:0.000000s ]
INFO: [ app_init ] --END-- [ RunTime:0.000000s ]
INFO: [ app_begin ] --START--
INFO: Run Behavior\ReadHtmlCacheBehavior [ RunTime:0.000000s ]
INFO: [ app_begin ] --END-- [ RunTime:0.000000s ]
INFO: [ view_parse ] --START--
INFO: [ template_filter ] --START--
INFO: Run Behavior\ContentReplaceBehavior [ RunTime:0.000000s ]
INFO: [ template_filter ] --END-- [ RunTime:0.000000s ]
NOTIC: [8] Undefined variable: keywords C:\wamp\www\tongmeng\App\Runtime\Cache\Home\00e52909bed743ea261af4b6823297ff.php 第 6 行.
NOTIC: [8] Undefined variable: description C:\wamp\www\tongmeng\App\Runtime\Cache\Home\00e52909bed743ea261af4b6823297ff.php 第 7 行.
NOTIC: [8] Undefined variable: title C:\wamp\www\tongmeng\App\Runtime\Cache\Home\00e52909bed743ea261af4b6823297ff.php 第 8 行.
INFO: Run Behavior\ParseTemplateBehavior [ RunTime:0.015625s ]
INFO: [ view_parse ] --END-- [ RunTime:0.015625s ]
INFO: [ view_filter ] --START--
INFO: Run Behavior\WriteHtmlCacheBehavior [ RunTime:0.000000s ]
INFO: [ view_filter ] --END-- [ RunTime:0.000000s ]
INFO: [ app_end ] --START--
INFO: Run Behavior\ShowPageTraceBehavior [ RunTime:0.000000s ]
INFO: [ app_end ] --END-- [ RunTime:0.000000s ]

[ 2015-07-10T08:50:45+08:00 ] 127.0.0.1 /tongmeng/index.php
INFO: [ app_init ] --START--
INFO: Run Behavior\BuildLiteBehavior [ RunTime:0.000000s ]
INFO: [ app_init ] --END-- [ RunTime:0.000000s ]
INFO: [ app_begin ] --START--
INFO: Run Behavior\ReadHtmlCacheBehavior [ RunTime:0.000000s ]
INFO: [ app_begin ] --END-- [ RunTime:0.000000s ]
INFO: [ view_parse ] --START--
INFO: [ template_filter ] --START--
INFO: Run Behavior\ContentReplaceBehavior [ RunTime:0.000000s ]
INFO: [ template_filter ] --END-- [ RunTime:0.000000s ]
NOTIC: [8] Undefined variable: keywords C:\wamp\www\tongmeng\App\Runtime\Cache\Home\00e52909bed743ea261af4b6823297ff.php 第 6 行.
NOTIC: [8] Undefined variable: description C:\wamp\www\tongmeng\App\Runtime\Cache\Home\00e52909bed743ea261af4b6823297ff.php 第 7 行.
NOTIC: [8] Undefined variable: title C:\wamp\www\tongmeng\App\Runtime\Cache\Home\00e52909bed743ea261af4b6823297ff.php 第 8 行.
INFO: Run Behavior\ParseTemplateBehavior [ RunTime:0.015625s ]
INFO: [ view_parse ] --END-- [ RunTime:0.015625s ]
INFO: [ view_filter ] --START--
INFO: Run Behavior\WriteHtmlCacheBehavior [ RunTime:0.000000s ]
INFO: [ view_filter ] --END-- [ RunTime:0.000000s ]
INFO: [ app_end ] --START--
INFO: Run Behavior\ShowPageTraceBehavior [ RunTime:0.000000s ]
INFO: [ app_end ] --END-- [ RunTime:0.000000s ]

[ 2015-07-10T08:50:45+08:00 ] 127.0.0.1 /tongmeng/index.php
INFO: [ app_init ] --START--
INFO: Run Behavior\BuildLiteBehavior [ RunTime:0.000000s ]
INFO: [ app_init ] --END-- [ RunTime:0.000000s ]
INFO: [ app_begin ] --START--
INFO: Run Behavior\ReadHtmlCacheBehavior [ RunTime:0.000000s ]
INFO: [ app_begin ] --END-- [ RunTime:0.000000s ]
INFO: [ view_parse ] --START--
INFO: [ template_filter ] --START--
INFO: Run Behavior\ContentReplaceBehavior [ RunTime:0.000000s ]
INFO: [ template_filter ] --END-- [ RunTime:0.000000s ]
NOTIC: [8] Undefined variable: keywords C:\wamp\www\tongmeng\App\Runtime\Cache\Home\00e52909bed743ea261af4b6823297ff.php 第 6 行.
NOTIC: [8] Undefined variable: description C:\wamp\www\tongmeng\App\Runtime\Cache\Home\00e52909bed743ea261af4b6823297ff.php 第 7 行.
NOTIC: [8] Undefined variable: title C:\wamp\www\tongmeng\App\Runtime\Cache\Home\00e52909bed743ea261af4b6823297ff.php 第 8 行.
INFO: Run Behavior\ParseTemplateBehavior [ RunTime:0.015625s ]
INFO: [ view_parse ] --END-- [ RunTime:0.015625s ]
INFO: [ view_filter ] --START--
INFO: Run Behavior\WriteHtmlCacheBehavior [ RunTime:0.000000s ]
INFO: [ view_filter ] --END-- [ RunTime:0.000000s ]
INFO: [ app_end ] --START--
INFO: Run Behavior\ShowPageTraceBehavior [ RunTime:0.000000s ]
INFO: [ app_end ] --END-- [ RunTime:0.000000s ]

[ 2015-07-10T08:50:45+08:00 ] 127.0.0.1 /tongmeng/index.php
INFO: [ app_init ] --START--
INFO: Run Behavior\BuildLiteBehavior [ RunTime:0.000000s ]
INFO: [ app_init ] --END-- [ RunTime:0.000000s ]
INFO: [ app_begin ] --START--
INFO: Run Behavior\ReadHtmlCacheBehavior [ RunTime:0.000000s ]
INFO: [ app_begin ] --END-- [ RunTime:0.000000s ]
INFO: [ view_parse ] --START--
INFO: [ template_filter ] --START--
INFO: Run Behavior\ContentReplaceBehavior [ RunTime:0.000000s ]
INFO: [ template_filter ] --END-- [ RunTime:0.000000s ]
NOTIC: [8] Undefined variable: keywords C:\wamp\www\tongmeng\App\Runtime\Cache\Home\00e52909bed743ea261af4b6823297ff.php 第 6 行.
NOTIC: [8] Undefined variable: description C:\wamp\www\tongmeng\App\Runtime\Cache\Home\00e52909bed743ea261af4b6823297ff.php 第 7 行.
NOTIC: [8] Undefined variable: title C:\wamp\www\tongmeng\App\Runtime\Cache\Home\00e52909bed743ea261af4b6823297ff.php 第 8 行.
INFO: Run Behavior\ParseTemplateBehavior [ RunTime:0.000000s ]
INFO: [ view_parse ] --END-- [ RunTime:0.000000s ]
INFO: [ view_filter ] --START--
INFO: Run Behavior\WriteHtmlCacheBehavior [ RunTime:0.000000s ]
INFO: [ view_filter ] --END-- [ RunTime:0.000000s ]
INFO: [ app_end ] --START--
INFO: Run Behavior\ShowPageTraceBehavior [ RunTime:0.015625s ]
INFO: [ app_end ] --END-- [ RunTime:0.015625s ]

[ 2015-07-10T08:50:45+08:00 ] 127.0.0.1 /tongmeng/index.php
INFO: [ app_init ] --START--
INFO: Run Behavior\BuildLiteBehavior [ RunTime:0.000000s ]
INFO: [ app_init ] --END-- [ RunTime:0.000000s ]
INFO: [ app_begin ] --START--
INFO: Run Behavior\ReadHtmlCacheBehavior [ RunTime:0.000000s ]
INFO: [ app_begin ] --END-- [ RunTime:0.000000s ]
INFO: [ view_parse ] --START--
INFO: [ template_filter ] --START--
INFO: Run Behavior\ContentReplaceBehavior [ RunTime:0.000000s ]
INFO: [ template_filter ] --END-- [ RunTime:0.000000s ]
NOTIC: [8] Undefined variable: keywords C:\wamp\www\tongmeng\App\Runtime\Cache\Home\00e52909bed743ea261af4b6823297ff.php 第 6 行.
NOTIC: [8] Undefined variable: description C:\wamp\www\tongmeng\App\Runtime\Cache\Home\00e52909bed743ea261af4b6823297ff.php 第 7 行.
NOTIC: [8] Undefined variable: title C:\wamp\www\tongmeng\App\Runtime\Cache\Home\00e52909bed743ea261af4b6823297ff.php 第 8 行.
INFO: Run Behavior\ParseTemplateBehavior [ RunTime:0.015625s ]
INFO: [ view_parse ] --END-- [ RunTime:0.015625s ]
INFO: [ view_filter ] --START--
INFO: Run Behavior\WriteHtmlCacheBehavior [ RunTime:0.000000s ]
INFO: [ view_filter ] --END-- [ RunTime:0.000000s ]
INFO: [ app_end ] --START--
INFO: Run Behavior\ShowPageTraceBehavior [ RunTime:0.000000s ]
INFO: [ app_end ] --END-- [ RunTime:0.000000s ]

[ 2015-07-10T08:50:45+08:00 ] 127.0.0.1 /tongmeng/index.php
INFO: [ app_init ] --START--
INFO: Run Behavior\BuildLiteBehavior [ RunTime:0.000000s ]
INFO: [ app_init ] --END-- [ RunTime:0.000000s ]
INFO: [ app_begin ] --START--
INFO: Run Behavior\ReadHtmlCacheBehavior [ RunTime:0.000000s ]
INFO: [ app_begin ] --END-- [ RunTime:0.000000s ]
INFO: [ view_parse ] --START--
INFO: [ template_filter ] --START--
INFO: Run Behavior\ContentReplaceBehavior [ RunTime:0.000000s ]
INFO: [ template_filter ] --END-- [ RunTime:0.000000s ]
NOTIC: [8] Undefined variable: keywords C:\wamp\www\tongmeng\App\Runtime\Cache\Home\00e52909bed743ea261af4b6823297ff.php 第 6 行.
NOTIC: [8] Undefined variable: description C:\wamp\www\tongmeng\App\Runtime\Cache\Home\00e52909bed743ea261af4b6823297ff.php 第 7 行.
NOTIC: [8] Undefined variable: title C:\wamp\www\tongmeng\App\Runtime\Cache\Home\00e52909bed743ea261af4b6823297ff.php 第 8 行.
INFO: Run Behavior\ParseTemplateBehavior [ RunTime:0.015625s ]
INFO: [ view_parse ] --END-- [ RunTime:0.015625s ]
INFO: [ view_filter ] --START--
INFO: Run Behavior\WriteHtmlCacheBehavior [ RunTime:0.000000s ]
INFO: [ view_filter ] --END-- [ RunTime:0.000000s ]
INFO: [ app_end ] --START--
INFO: Run Behavior\ShowPageTraceBehavior [ RunTime:0.000000s ]
INFO: [ app_end ] --END-- [ RunTime:0.000000s ]

[ 2015-07-10T08:50:45+08:00 ] 127.0.0.1 /tongmeng/index.php
INFO: [ app_init ] --START--
INFO: Run Behavior\BuildLiteBehavior [ RunTime:0.000000s ]
INFO: [ app_init ] --END-- [ RunTime:0.000000s ]
INFO: [ app_begin ] --START--
INFO: Run Behavior\ReadHtmlCacheBehavior [ RunTime:0.000000s ]
INFO: [ app_begin ] --END-- [ RunTime:0.000000s ]
INFO: [ view_parse ] --START--
INFO: [ template_filter ] --START--
INFO: Run Behavior\ContentReplaceBehavior [ RunTime:0.000000s ]
INFO: [ template_filter ] --END-- [ RunTime:0.000000s ]
NOTIC: [8] Undefined variable: keywords C:\wamp\www\tongmeng\App\Runtime\Cache\Home\00e52909bed743ea261af4b6823297ff.php 第 6 行.
NOTIC: [8] Undefined variable: description C:\wamp\www\tongmeng\App\Runtime\Cache\Home\00e52909bed743ea261af4b6823297ff.php 第 7 行.
NOTIC: [8] Undefined variable: title C:\wamp\www\tongmeng\App\Runtime\Cache\Home\00e52909bed743ea261af4b6823297ff.php 第 8 行.
INFO: Run Behavior\ParseTemplateBehavior [ RunTime:0.015625s ]
INFO: [ view_parse ] --END-- [ RunTime:0.015625s ]
INFO: [ view_filter ] --START--
INFO: Run Behavior\WriteHtmlCacheBehavior [ RunTime:0.000000s ]
INFO: [ view_filter ] --END-- [ RunTime:0.000000s ]
INFO: [ app_end ] --START--
INFO: Run Behavior\ShowPageTraceBehavior [ RunTime:0.000000s ]
INFO: [ app_end ] --END-- [ RunTime:0.000000s ]

[ 2015-07-10T08:50:46+08:00 ] 127.0.0.1 /tongmeng/index.php
INFO: [ app_init ] --START--
INFO: Run Behavior\BuildLiteBehavior [ RunTime:0.000000s ]
INFO: [ app_init ] --END-- [ RunTime:0.000000s ]
INFO: [ app_begin ] --START--
INFO: Run Behavior\ReadHtmlCacheBehavior [ RunTime:0.000000s ]
INFO: [ app_begin ] --END-- [ RunTime:0.000000s ]
INFO: [ view_parse ] --START--
INFO: [ template_filter ] --START--
INFO: Run Behavior\ContentReplaceBehavior [ RunTime:0.000000s ]
INFO: [ template_filter ] --END-- [ RunTime:0.000000s ]
NOTIC: [8] Undefined variable: keywords C:\wamp\www\tongmeng\App\Runtime\Cache\Home\00e52909bed743ea261af4b6823297ff.php 第 6 行.
NOTIC: [8] Undefined variable: description C:\wamp\www\tongmeng\App\Runtime\Cache\Home\00e52909bed743ea261af4b6823297ff.php 第 7 行.
NOTIC: [8] Undefined variable: title C:\wamp\www\tongmeng\App\Runtime\Cache\Home\00e52909bed743ea261af4b6823297ff.php 第 8 行.
INFO: Run Behavior\ParseTemplateBehavior [ RunTime:0.015625s ]
INFO: [ view_parse ] --END-- [ RunTime:0.015625s ]
INFO: [ view_filter ] --START--
INFO: Run Behavior\WriteHtmlCacheBehavior [ RunTime:0.000000s ]
INFO: [ view_filter ] --END-- [ RunTime:0.000000s ]
INFO: [ app_end ] --START--
INFO: Run Behavior\ShowPageTraceBehavior [ RunTime:0.000000s ]
INFO: [ app_end ] --END-- [ RunTime:0.000000s ]

[ 2015-07-10T08:51:09+08:00 ] 127.0.0.1 /tongmeng/index.php
INFO: [ app_init ] --START--
INFO: Run Behavior\BuildLiteBehavior [ RunTime:0.000000s ]
INFO: [ app_init ] --END-- [ RunTime:0.000000s ]
INFO: [ app_begin ] --START--
INFO: Run Behavior\ReadHtmlCacheBehavior [ RunTime:0.000000s ]
INFO: [ app_begin ] --END-- [ RunTime:0.000000s ]
INFO: [ view_parse ] --START--
INFO: [ template_filter ] --START--
INFO: Run Behavior\ContentReplaceBehavior [ RunTime:0.000000s ]
INFO: [ template_filter ] --END-- [ RunTime:0.000000s ]
NOTIC: [8] Undefined variable: keywords C:\wamp\www\tongmeng\App\Runtime\Cache\Home\00e52909bed743ea261af4b6823297ff.php 第 6 行.
NOTIC: [8] Undefined variable: description C:\wamp\www\tongmeng\App\Runtime\Cache\Home\00e52909bed743ea261af4b6823297ff.php 第 7 行.
NOTIC: [8] Undefined variable: title C:\wamp\www\tongmeng\App\Runtime\Cache\Home\00e52909bed743ea261af4b6823297ff.php 第 8 行.
INFO: Run Behavior\ParseTemplateBehavior [ RunTime:0.015625s ]
INFO: [ view_parse ] --END-- [ RunTime:0.015625s ]
INFO: [ view_filter ] --START--
INFO: Run Behavior\WriteHtmlCacheBehavior [ RunTime:0.000000s ]
INFO: [ view_filter ] --END-- [ RunTime:0.000000s ]
INFO: [ app_end ] --START--
INFO: Run Behavior\ShowPageTraceBehavior [ RunTime:0.000000s ]
INFO: [ app_end ] --END-- [ RunTime:0.000000s ]

[ 2015-07-10T08:51:09+08:00 ] 127.0.0.1 /tongmeng/index.php
INFO: [ app_init ] --START--
INFO: Run Behavior\BuildLiteBehavior [ RunTime:0.000000s ]
INFO: [ app_init ] --END-- [ RunTime:0.000000s ]
INFO: [ app_begin ] --START--
INFO: Run Behavior\ReadHtmlCacheBehavior [ RunTime:0.000000s ]
INFO: [ app_begin ] --END-- [ RunTime:0.000000s ]
INFO: [ view_parse ] --START--
INFO: [ template_filter ] --START--
INFO: Run Behavior\ContentReplaceBehavior [ RunTime:0.000000s ]
INFO: [ template_filter ] --END-- [ RunTime:0.000000s ]
NOTIC: [8] Undefined variable: keywords C:\wamp\www\tongmeng\App\Runtime\Cache\Home\00e52909bed743ea261af4b6823297ff.php 第 6 行.
NOTIC: [8] Undefined variable: description C:\wamp\www\tongmeng\App\Runtime\Cache\Home\00e52909bed743ea261af4b6823297ff.php 第 7 行.
NOTIC: [8] Undefined variable: title C:\wamp\www\tongmeng\App\Runtime\Cache\Home\00e52909bed743ea261af4b6823297ff.php 第 8 行.
INFO: Run Behavior\ParseTemplateBehavior [ RunTime:0.015625s ]
INFO: [ view_parse ] --END-- [ RunTime:0.015625s ]
INFO: [ view_filter ] --START--
INFO: Run Behavior\WriteHtmlCacheBehavior [ RunTime:0.000000s ]
INFO: [ view_filter ] --END-- [ RunTime:0.000000s ]
INFO: [ app_end ] --START--
INFO: Run Behavior\ShowPageTraceBehavior [ RunTime:0.000000s ]
INFO: [ app_end ] --END-- [ RunTime:0.000000s ]

[ 2015-07-10T19:05:10+08:00 ] 127.0.0.1 /tongmeng/
INFO: [ app_init ] --START--
INFO: Run Behavior\BuildLiteBehavior [ RunTime:0.000000s ]
INFO: [ app_init ] --END-- [ RunTime:0.000000s ]

[ 2015-07-10T19:05:10+08:00 ] 127.0.0.1 /tongmeng/
INFO: [ app_init ] --START--
INFO: Run Behavior\BuildLiteBehavior [ RunTime:0.000000s ]
INFO: [ app_init ] --END-- [ RunTime:0.000000s ]

[ 2015-07-10T19:05:13+08:00 ] 127.0.0.1 /tongmeng/
INFO: [ app_init ] --START--
INFO: Run Behavior\BuildLiteBehavior [ RunTime:0.000000s ]
INFO: [ app_init ] --END-- [ RunTime:0.000000s ]

[ 2015-07-10T19:05:13+08:00 ] 127.0.0.1 /tongmeng/
INFO: [ app_init ] --START--
INFO: Run Behavior\BuildLiteBehavior [ RunTime:0.000000s ]
INFO: [ app_init ] --END-- [ RunTime:0.000000s ]

[ 2015-07-10T19:05:13+08:00 ] 127.0.0.1 /tongmeng/
INFO: [ app_init ] --START--
INFO: Run Behavior\BuildLiteBehavior [ RunTime:0.000000s ]
INFO: [ app_init ] --END-- [ RunTime:0.000000s ]

[ 2015-07-10T19:05:13+08:00 ] 127.0.0.1 /tongmeng/
INFO: [ app_init ] --START--
INFO: Run Behavior\BuildLiteBehavior [ RunTime:0.000000s ]
INFO: [ app_init ] --END-- [ RunTime:0.015625s ]

[ 2015-07-10T19:05:14+08:00 ] 127.0.0.1 /tongmeng/
INFO: [ app_init ] --START--
INFO: Run Behavior\BuildLiteBehavior [ RunTime:0.000000s ]
INFO: [ app_init ] --END-- [ RunTime:0.000000s ]

[ 2015-07-10T19:05:14+08:00 ] 127.0.0.1 /tongmeng/
INFO: [ app_init ] --START--
INFO: Run Behavior\BuildLiteBehavior [ RunTime:0.000000s ]
INFO: [ app_init ] --END-- [ RunTime:0.000000s ]

=======
>>>>>>> .r15
