[ 2015-08-05T23:21:35+08:00 ] ::1 /tongmeng/
INFO: [ app_init ] --START--
INFO: Run Behavior\BuildLiteBehavior [ RunTime:0.000041s ]
INFO: [ app_init ] --END-- [ RunTime:0.031365s ]
ERR: Accès refusé pour l'utilisateur: 'root'@'@localhost' (mot de passe: OUI)

[ 2015-08-05T23:25:15+08:00 ] ::1 /tongmeng/
INFO: [ app_init ] --START--
INFO: Run Behavior\BuildLiteBehavior [ RunTime:0.000089s ]
INFO: [ app_init ] --END-- [ RunTime:0.001885s ]

[ 2015-08-05T23:25:22+08:00 ] ::1 /tongmeng/index.php/Goods/index/id/7.html
INFO: [ app_init ] --START--
INFO: Run Behavior\BuildLiteBehavior [ RunTime:0.000125s ]
INFO: [ app_init ] --END-- [ RunTime:0.001310s ]

[ 2015-08-05T23:25:25+08:00 ] ::1 /tongmeng/index.php/Goods/cart.html?num=1&gid=7&price=455&goodsname=%E9%85%B7%E8%B7%91A-02
INFO: [ app_init ] --START--
INFO: Run Behavior\BuildLiteBehavior [ RunTime:0.000042s ]
INFO: [ app_init ] --END-- [ RunTime:0.000848s ]

[ 2015-08-05T23:25:25+08:00 ] ::1 /tongmeng/index.php/Login/index.html
INFO: [ app_init ] --START--
INFO: Run Behavior\BuildLiteBehavior [ RunTime:0.000039s ]
INFO: [ app_init ] --END-- [ RunTime:0.000747s ]

